<html xmlns:math="http://exslt.org/math" xmlns:testng="http://testng.org">
   <head>
      <title>TestNG Results</title>
      <meta http-equiv="content-type" content="text/html; charset=utf-8"></meta>
      <meta http-equiv="pragma" content="no-cache"></meta>
      <meta http-equiv="cache-control" content="max-age=0"></meta>
      <meta http-equiv="cache-control" content="no-cache"></meta>
      <meta http-equiv="cache-control" content="no-store"></meta>
      <LINK rel="stylesheet" href="style.css"></LINK>
      <script type="text/javascript" src="main.js"></script>
   </head>
   <body>
      <table width="100%" style="font-size: 16px; margin-bottom: 10px;" cellspacing="1">
         <tr>
            <td width="100%">
               Test case
               
               <b>Test</b>
            </td>
            <td style="background-color: #FFBBBB; padding: 3px 3px 3px 0;" align="center">
               <div style="width: 50px;">1</div>
            </td>
            <td style="background-color: lightgreen; padding: 3px 3px 3px 0;" align="center">
               <div style="width: 50px;">2</div>
            </td>
            <td style="background-color: #FFFFBB; padding: 3px 3px 3px 0;" align="center">
               <div style="width: 50px;">0</div>
            </td>
            <td align="center" style="background-color: #eaf0f7; padding: 3px 3px 3px 0;">
               <div style="width: 50px;">3</div>
            </td>
            <td align="center"
                style="font-weight: bold; background-color: #eaf0f7; padding: 3px 3px 3px 0;">
               <div style="width: 50px;">67%</div>
            </td>
            <td style="background-color: #eaf0f7; padding: 3px 3px 3px 0;" align="center"
                nowrap="true">19s
               
            </td>
         </tr>
      </table>
      <div style="width: 200px;">
         <label for="groupMethodsCheckBox" style="font-weight: bold; margin: 0;">
            <input id="groupMethodsCheckBox" type="checkbox" onclick="switchTestMethodsView(this)"
                   checked=""></input>
            Group by class
            
         </label>
         <br></br>
         <label for="methodsFilter_ALL" style="font-weight: bold; margin: 0;">
            <input id="methodsFilter_ALL" type="checkbox"
                   onclick="testMethodsFilterChanged(this, 'ALL')"
                   checked=""></input>
            All
            
         </label>
      </div>
      <label for="methodsFilter_FAIL" style="margin-left: 20px;">
         <input id="methodsFilter_FAIL" type="checkbox"
                onclick="testMethodsFilterChanged(this, 'FAIL')"
                checked=""></input>
         Failed
         
      </label>
      <label for="methodsFilter_PASS">
         <input id="methodsFilter_PASS" type="checkbox"
                onclick="testMethodsFilterChanged(this, 'PASS')"
                checked=""></input>
         Passed
         
      </label>
      <label for="methodsFilter_SKIP">
         <input id="methodsFilter_SKIP" type="checkbox"
                onclick="testMethodsFilterChanged(this, 'SKIP')"
                checked=""></input>
         Skipped
         
      </label>
      <label for="methodsFilter_CONF">
         <input id="methodsFilter_CONF" type="checkbox"
                onclick="testMethodsFilterChanged(this, 'CONF')"
                checked=""></input>
         Config
         
      </label>
      <br></br>
      <div id="testMethodsByStatus" style="display: none;">
         <table class="testMethodsTable" cellpadding="0" cellspacing="0">
            <tr class="methodsTableHeader">
               <td width="100%">Name</td>
               <td nowrap="true">Started</td>
               <td nowrap="true">Duration</td>
               <td>Exception</td>
            </tr>
            <tr id="com.TestCases.TestCasesExecution_Add_User_Test_byStatus_failed_FAIL1_row"
                class="testMethodStatusFAIL">
               <td width="100%" class="firstMethodCell">
                  <a onclick="toggleDetailsVisibility('com.TestCases.TestCasesExecution_Add_User_Test_byStatus_failed_FAIL1_details')">Add_User_Test()</a>
               </td>
               <td nowrap="true">11:16:03</td>
               <td nowrap="true" align="right">10s
                  
               </td>
               <td nowrap="true">
                  <a onclick="toggleDetailsVisibility('com.TestCases.TestCasesExecution_Add_User_Test_byStatus_failed_FAIL1_exception')">org.openqa.selenium.NoSuchElementException: 
                     no such element: Unable to locate element: {"method":"id","selector":"btnAdd"}
                     (Session info: chrome=64.0.3282.186)
                     (Driver info: chromedriver=2.31.488763 (092de99f48a300323ecf8c2a4e2e7cab51de5ba8),platform=Windows NT 6.1.7601 SP1 x86) (WARNING:
                     The server did not provide any stacktrace information)
                     Command duration or timeout: 10.04 seconds
                     For documentation on this error, please visit: http://seleniumhq.org/exceptions/no_such_element.html
                     Build info: version: '3.4.0', revision: 'unknown', time: 'unknown'
                     System info: host: 'TAN-PC', ip: '192.168.0.104', os.name: 'Windows 7', os.arch: 'x86', os.version: '6.1', java.version: '1.8.0_121'
                     Driver info: org.openqa.selenium.chrome.ChromeDriver
                     Capabilities [{applicationCacheEnabled=false, rotatable=false, mobileEmulationEnabled=false, networkConnectionEnabled=false,
                     chrome={chromedriverVersion=2.31.488763 (092de99f48a300323ecf8c2a4e2e7cab51de5ba8), userDataDir=C:\Users\TAN\AppData\Local\Temp\scoped_dir3204_9940},
                     takesHeapSnapshot=true, pageLoadStrategy=normal, databaseEnabled=false, handlesAlerts=true, hasTouchScreen=false, version=64.0.3282.186,
                     platform=XP, browserConnectionEnabled=false, nativeEvents=true, acceptSslCerts=true, locationContextEnabled=true, webStorageEnabled=true,
                     browserName=chrome, takesScreenshot=true, javascriptEnabled=true, cssSelectorsEnabled=true, setWindowRect=true, unexpectedAlertBehaviour=}]
                     Session ID: e481d91ae3487d022029dcb90b06d7fe
                     *** Element info: {Using=id, value=btnAdd}
                     
                  </a>
                   
                  
               </td>
            </tr>
            <tr>
               <td colspan="4" class="detailsBox">
                  <div id="com.TestCases.TestCasesExecution_Add_User_Test_byStatus_failed_FAIL1_details"
                       class="testMethodDetails">
                     <div>
                        <b>Name: </b>Add_User_Test
                     </div>
                     <div>
                        <b>Signature: </b>Add_User_Test()[pri:3, instance:com.TestCases.TestCasesExecution@120ebad]
                     </div>
                     <div>
                        <b>Start time: </b>11:16:03
                     </div>
                     <div>
                        <b>End time: </b>11:16:13
                     </div>
                     <div>
                        <b>Duration: </b>10s
                        
                     </div>
                  </div>
               </td>
            </tr>
            <tr>
               <td colspan="4" class="detailsBox">
                  <div id="com.TestCases.TestCasesExecution_Add_User_Test_byStatus_failed_FAIL1_exception"
                       class="testMethodDetails">
                     <pre style="padding: 5px; margin: 0;">org.openqa.selenium.NoSuchElementException: no such element: Unable to locate element: {"method":"id","selector":"btnAdd"}
                        (Session info: chrome=64.0.3282.186)
                        (Driver info: chromedriver=2.31.488763 (092de99f48a300323ecf8c2a4e2e7cab51de5ba8),platform=Windows NT 6.1.7601 SP1 x86) (WARNING:
                        The server did not provide any stacktrace information)
                        Command duration or timeout: 10.04 seconds
                        For documentation on this error, please visit: http://seleniumhq.org/exceptions/no_such_element.html
                        Build info: version: '3.4.0', revision: 'unknown', time: 'unknown'
                        System info: host: 'TAN-PC', ip: '192.168.0.104', os.name: 'Windows 7', os.arch: 'x86', os.version: '6.1', java.version: '1.8.0_121'
                        Driver info: org.openqa.selenium.chrome.ChromeDriver
                        Capabilities [{applicationCacheEnabled=false, rotatable=false, mobileEmulationEnabled=false, networkConnectionEnabled=false,
                        chrome={chromedriverVersion=2.31.488763 (092de99f48a300323ecf8c2a4e2e7cab51de5ba8), userDataDir=C:\Users\TAN\AppData\Local\Temp\scoped_dir3204_9940},
                        takesHeapSnapshot=true, pageLoadStrategy=normal, databaseEnabled=false, handlesAlerts=true, hasTouchScreen=false, version=64.0.3282.186,
                        platform=XP, browserConnectionEnabled=false, nativeEvents=true, acceptSslCerts=true, locationContextEnabled=true, webStorageEnabled=true,
                        browserName=chrome, takesScreenshot=true, javascriptEnabled=true, cssSelectorsEnabled=true, setWindowRect=true, unexpectedAlertBehaviour=}]
                        Session ID: e481d91ae3487d022029dcb90b06d7fe
                        *** Element info: {Using=id, value=btnAdd}
                        	at sun.reflect.NativeConstructorAccessorImpl.newInstance0(Native Method)
                        	at sun.reflect.NativeConstructorAccessorImpl.newInstance(Unknown Source)
                        	at sun.reflect.DelegatingConstructorAccessorImpl.newInstance(Unknown Source)
                        	at java.lang.reflect.Constructor.newInstance(Unknown Source)
                        	at org.openqa.selenium.remote.ErrorHandler.createThrowable(ErrorHandler.java:215)
                        	at org.openqa.selenium.remote.ErrorHandler.throwIfResponseFailed(ErrorHandler.java:167)
                        	at org.openqa.selenium.remote.RemoteWebDriver.execute(RemoteWebDriver.java:671)
                        	at org.openqa.selenium.remote.RemoteWebDriver.findElement(RemoteWebDriver.java:410)
                        	at org.openqa.selenium.remote.RemoteWebDriver.findElementById(RemoteWebDriver.java:453)
                        	at org.openqa.selenium.By$ById.findElement(By.java:218)
                        	at org.openqa.selenium.remote.RemoteWebDriver.findElement(RemoteWebDriver.java:402)
                        	at com.Library.Library.Add_User(Library.java:59)
                        	at com.TestCases.TestCasesExecution.Add_User_Test(TestCasesExecution.java:25)
                        	at sun.reflect.NativeMethodAccessorImpl.invoke0(Native Method)
                        	at sun.reflect.NativeMethodAccessorImpl.invoke(Unknown Source)
                        	at sun.reflect.DelegatingMethodAccessorImpl.invoke(Unknown Source)
                        	at java.lang.reflect.Method.invoke(Unknown Source)
                        	at org.testng.internal.MethodInvocationHelper.invokeMethod(MethodInvocationHelper.java:108)
                        	at org.testng.internal.Invoker.invokeMethod(Invoker.java:669)
                        	at org.testng.internal.Invoker.invokeTestMethod(Invoker.java:877)
                        	at org.testng.internal.Invoker.invokeTestMethods(Invoker.java:1201)
                        	at org.testng.internal.TestMethodWorker.invokeTestMethods(TestMethodWorker.java:125)
                        	at org.testng.internal.TestMethodWorker.run(TestMethodWorker.java:109)
                        	at org.testng.TestRunner.privateRun(TestRunner.java:776)
                        	at org.testng.TestRunner.run(TestRunner.java:634)
                        	at org.testng.SuiteRunner.runTest(SuiteRunner.java:425)
                        	at org.testng.SuiteRunner.runSequentially(SuiteRunner.java:420)
                        	at org.testng.SuiteRunner.privateRun(SuiteRunner.java:385)
                        	at org.testng.SuiteRunner.run(SuiteRunner.java:334)
                        	at org.testng.SuiteRunnerWorker.runSuite(SuiteRunnerWorker.java:52)
                        	at org.testng.SuiteRunnerWorker.run(SuiteRunnerWorker.java:86)
                        	at org.testng.TestNG.runSuitesSequentially(TestNG.java:1318)
                        	at org.testng.TestNG.runSuitesLocally(TestNG.java:1243)
                        	at org.testng.TestNG.runSuites(TestNG.java:1161)
                        	at org.testng.TestNG.run(TestNG.java:1129)
                        	at org.testng.remote.AbstractRemoteTestNG.run(AbstractRemoteTestNG.java:114)
                        	at org.testng.remote.RemoteTestNG.initAndRun(RemoteTestNG.java:251)
                        	at org.testng.remote.RemoteTestNG.main(RemoteTestNG.java:77)
                     </pre>
                  </div>
               </td>
            </tr>
            <tr id="com.TestCases.TestCasesExecution_LoginFunctionalityTest_byStatus_passed_PASS1_row"
                class="testMethodStatusPASS">
               <td width="100%" class="firstMethodCell">
                  <a onclick="toggleDetailsVisibility('com.TestCases.TestCasesExecution_LoginFunctionalityTest_byStatus_passed_PASS1_details')">LoginFunctionalityTest()</a>
               </td>
               <td nowrap="true">11:15:55</td>
               <td nowrap="true" align="right">4s
                  
               </td>
               <td nowrap="true">
                   
                  
               </td>
            </tr>
            <tr>
               <td colspan="4" class="detailsBox">
                  <div id="com.TestCases.TestCasesExecution_LoginFunctionalityTest_byStatus_passed_PASS1_details"
                       class="testMethodDetails">
                     <div>
                        <b>Name: </b>LoginFunctionalityTest
                     </div>
                     <div>
                        <b>Signature: </b>LoginFunctionalityTest()[pri:1, instance:com.TestCases.TestCasesExecution@120ebad]
                     </div>
                     <div>
                        <b>Start time: </b>11:15:55
                     </div>
                     <div>
                        <b>End time: </b>11:15:59
                     </div>
                     <div>
                        <b>Duration: </b>4s
                        
                     </div>
                  </div>
               </td>
            </tr>
            <tr></tr>
            <tr id="com.TestCases.TestCasesExecution_Menu_mouseHover_Action_byStatus_passed_PASS2_row"
                class="testMethodStatusPASS">
               <td width="100%" class="firstMethodCell">
                  <a onclick="toggleDetailsVisibility('com.TestCases.TestCasesExecution_Menu_mouseHover_Action_byStatus_passed_PASS2_details')">Menu_mouseHover_Action()</a>
               </td>
               <td nowrap="true">11:15:59</td>
               <td nowrap="true" align="right">4s
                  
               </td>
               <td nowrap="true">
                   
                  
               </td>
            </tr>
            <tr>
               <td colspan="4" class="detailsBox">
                  <div id="com.TestCases.TestCasesExecution_Menu_mouseHover_Action_byStatus_passed_PASS2_details"
                       class="testMethodDetails">
                     <div>
                        <b>Name: </b>Menu_mouseHover_Action
                     </div>
                     <div>
                        <b>Signature: </b>Menu_mouseHover_Action()[pri:2, instance:com.TestCases.TestCasesExecution@120ebad]
                     </div>
                     <div>
                        <b>Start time: </b>11:15:59
                     </div>
                     <div>
                        <b>End time: </b>11:16:03
                     </div>
                     <div>
                        <b>Duration: </b>4s
                        
                     </div>
                  </div>
               </td>
            </tr>
            <tr></tr>
            <tr id="com.TestCases.OpenandCloseBrowser_openBrowsertest_byStatus_passed_PASS3_row"
                class="testMethodStatusPASS testMethodStatusCONF">
               <td width="100%" class="firstMethodCell">
                  <a onclick="toggleDetailsVisibility('com.TestCases.OpenandCloseBrowser_openBrowsertest_byStatus_passed_PASS3_details')">openBrowsertest()</a>
               </td>
               <td nowrap="true">11:15:48</td>
               <td nowrap="true" align="right">6s
                  
               </td>
               <td nowrap="true">
                   
                  
               </td>
            </tr>
            <tr>
               <td colspan="4" class="detailsBox">
                  <div id="com.TestCases.OpenandCloseBrowser_openBrowsertest_byStatus_passed_PASS3_details"
                       class="testMethodDetails">
                     <div>
                        <b>Name: </b>openBrowsertest
                     </div>
                     <div>
                        <b>Signature: </b>openBrowsertest()[pri:0, instance:com.TestCases.OpenandCloseBrowser@651fd0]
                     </div>
                     <div>
                        <b>Start time: </b>11:15:48
                     </div>
                     <div>
                        <b>End time: </b>11:15:55
                     </div>
                     <div>
                        <b>Duration: </b>6s
                        
                     </div>
                  </div>
               </td>
            </tr>
            <tr></tr>
            <tr id="com.TestCases.OpenandCloseBrowser_closeBrowsertest_byStatus_passed_PASS4_row"
                class="testMethodStatusPASS testMethodStatusCONF">
               <td width="100%" class="firstMethodCell">
                  <a onclick="toggleDetailsVisibility('com.TestCases.OpenandCloseBrowser_closeBrowsertest_byStatus_passed_PASS4_details')">closeBrowsertest()</a>
               </td>
               <td nowrap="true">11:16:13</td>
               <td nowrap="true" align="right">906 ms
                  
               </td>
               <td nowrap="true">
                   
                  
               </td>
            </tr>
            <tr>
               <td colspan="4" class="detailsBox">
                  <div id="com.TestCases.OpenandCloseBrowser_closeBrowsertest_byStatus_passed_PASS4_details"
                       class="testMethodDetails">
                     <div>
                        <b>Name: </b>closeBrowsertest
                     </div>
                     <div>
                        <b>Signature: </b>closeBrowsertest()[pri:0, instance:com.TestCases.OpenandCloseBrowser@651fd0]
                     </div>
                     <div>
                        <b>Start time: </b>11:16:13
                     </div>
                     <div>
                        <b>End time: </b>11:16:14
                     </div>
                     <div>
                        <b>Duration: </b>906 ms
                        
                     </div>
                  </div>
               </td>
            </tr>
            <tr></tr>
         </table>
      </div>
      <div id="testMethodsByClass">
         <table class="testMethodsTable" cellpadding="0" cellspacing="0">
            <tr>
               <td colspan="4">
                  <h3 style="display: inline;">com.TestCases.OpenandCloseBrowser</h3>
               </td>
            </tr>
            <tr class="methodsTableHeader">
               <td width="100%">Name</td>
               <td nowrap="true">Started</td>
               <td nowrap="true">Duration</td>
               <td>Exception</td>
            </tr>
            <tr id="com.TestCases.OpenandCloseBrowser_openBrowsertest_byClass_PASS1_row"
                class="testMethodStatusPASS testMethodStatusCONF">
               <td width="100%" class="firstMethodCell">
                  <a onclick="toggleDetailsVisibility('com.TestCases.OpenandCloseBrowser_openBrowsertest_byClass_PASS1_details')">openBrowsertest()</a>
               </td>
               <td nowrap="true">11:15:48</td>
               <td nowrap="true" align="right">6s
                  
               </td>
               <td nowrap="true">
                   
                  
               </td>
            </tr>
            <tr>
               <td colspan="4" class="detailsBox">
                  <div id="com.TestCases.OpenandCloseBrowser_openBrowsertest_byClass_PASS1_details"
                       class="testMethodDetails">
                     <div>
                        <b>Name: </b>openBrowsertest
                     </div>
                     <div>
                        <b>Signature: </b>openBrowsertest()[pri:0, instance:com.TestCases.OpenandCloseBrowser@651fd0]
                     </div>
                     <div>
                        <b>Start time: </b>11:15:48
                     </div>
                     <div>
                        <b>End time: </b>11:15:55
                     </div>
                     <div>
                        <b>Duration: </b>6s
                        
                     </div>
                  </div>
               </td>
            </tr>
            <tr></tr>
            <tr id="com.TestCases.OpenandCloseBrowser_closeBrowsertest_byClass_PASS2_row"
                class="testMethodStatusPASS testMethodStatusCONF">
               <td width="100%" class="firstMethodCell">
                  <a onclick="toggleDetailsVisibility('com.TestCases.OpenandCloseBrowser_closeBrowsertest_byClass_PASS2_details')">closeBrowsertest()</a>
               </td>
               <td nowrap="true">11:16:13</td>
               <td nowrap="true" align="right">906 ms
                  
               </td>
               <td nowrap="true">
                   
                  
               </td>
            </tr>
            <tr>
               <td colspan="4" class="detailsBox">
                  <div id="com.TestCases.OpenandCloseBrowser_closeBrowsertest_byClass_PASS2_details"
                       class="testMethodDetails">
                     <div>
                        <b>Name: </b>closeBrowsertest
                     </div>
                     <div>
                        <b>Signature: </b>closeBrowsertest()[pri:0, instance:com.TestCases.OpenandCloseBrowser@651fd0]
                     </div>
                     <div>
                        <b>Start time: </b>11:16:13
                     </div>
                     <div>
                        <b>End time: </b>11:16:14
                     </div>
                     <div>
                        <b>Duration: </b>906 ms
                        
                     </div>
                  </div>
               </td>
            </tr>
            <tr></tr>
         </table>
         <br></br>
         <table class="testMethodsTable" cellpadding="0" cellspacing="0">
            <tr>
               <td colspan="4">
                  <h3 style="display: inline;">com.TestCases.TestCasesExecution</h3>
               </td>
            </tr>
            <tr class="methodsTableHeader">
               <td width="100%">Name</td>
               <td nowrap="true">Started</td>
               <td nowrap="true">Duration</td>
               <td>Exception</td>
            </tr>
            <tr id="com.TestCases.TestCasesExecution_LoginFunctionalityTest_byClass_PASS1_row"
                class="testMethodStatusPASS">
               <td width="100%" class="firstMethodCell">
                  <a onclick="toggleDetailsVisibility('com.TestCases.TestCasesExecution_LoginFunctionalityTest_byClass_PASS1_details')">LoginFunctionalityTest()</a>
               </td>
               <td nowrap="true">11:15:55</td>
               <td nowrap="true" align="right">4s
                  
               </td>
               <td nowrap="true">
                   
                  
               </td>
            </tr>
            <tr>
               <td colspan="4" class="detailsBox">
                  <div id="com.TestCases.TestCasesExecution_LoginFunctionalityTest_byClass_PASS1_details"
                       class="testMethodDetails">
                     <div>
                        <b>Name: </b>LoginFunctionalityTest
                     </div>
                     <div>
                        <b>Signature: </b>LoginFunctionalityTest()[pri:1, instance:com.TestCases.TestCasesExecution@120ebad]
                     </div>
                     <div>
                        <b>Start time: </b>11:15:55
                     </div>
                     <div>
                        <b>End time: </b>11:15:59
                     </div>
                     <div>
                        <b>Duration: </b>4s
                        
                     </div>
                  </div>
               </td>
            </tr>
            <tr></tr>
            <tr id="com.TestCases.TestCasesExecution_Menu_mouseHover_Action_byClass_PASS2_row"
                class="testMethodStatusPASS">
               <td width="100%" class="firstMethodCell">
                  <a onclick="toggleDetailsVisibility('com.TestCases.TestCasesExecution_Menu_mouseHover_Action_byClass_PASS2_details')">Menu_mouseHover_Action()</a>
               </td>
               <td nowrap="true">11:15:59</td>
               <td nowrap="true" align="right">4s
                  
               </td>
               <td nowrap="true">
                   
                  
               </td>
            </tr>
            <tr>
               <td colspan="4" class="detailsBox">
                  <div id="com.TestCases.TestCasesExecution_Menu_mouseHover_Action_byClass_PASS2_details"
                       class="testMethodDetails">
                     <div>
                        <b>Name: </b>Menu_mouseHover_Action
                     </div>
                     <div>
                        <b>Signature: </b>Menu_mouseHover_Action()[pri:2, instance:com.TestCases.TestCasesExecution@120ebad]
                     </div>
                     <div>
                        <b>Start time: </b>11:15:59
                     </div>
                     <div>
                        <b>End time: </b>11:16:03
                     </div>
                     <div>
                        <b>Duration: </b>4s
                        
                     </div>
                  </div>
               </td>
            </tr>
            <tr></tr>
            <tr id="com.TestCases.TestCasesExecution_Add_User_Test_byClass_FAIL3_row"
                class="testMethodStatusFAIL">
               <td width="100%" class="firstMethodCell">
                  <a onclick="toggleDetailsVisibility('com.TestCases.TestCasesExecution_Add_User_Test_byClass_FAIL3_details')">Add_User_Test()</a>
               </td>
               <td nowrap="true">11:16:03</td>
               <td nowrap="true" align="right">10s
                  
               </td>
               <td nowrap="true">
                  <a onclick="toggleDetailsVisibility('com.TestCases.TestCasesExecution_Add_User_Test_byClass_FAIL3_exception')">org.openqa.selenium.NoSuchElementException: 
                     no such element: Unable to locate element: {"method":"id","selector":"btnAdd"}
                     (Session info: chrome=64.0.3282.186)
                     (Driver info: chromedriver=2.31.488763 (092de99f48a300323ecf8c2a4e2e7cab51de5ba8),platform=Windows NT 6.1.7601 SP1 x86) (WARNING:
                     The server did not provide any stacktrace information)
                     Command duration or timeout: 10.04 seconds
                     For documentation on this error, please visit: http://seleniumhq.org/exceptions/no_such_element.html
                     Build info: version: '3.4.0', revision: 'unknown', time: 'unknown'
                     System info: host: 'TAN-PC', ip: '192.168.0.104', os.name: 'Windows 7', os.arch: 'x86', os.version: '6.1', java.version: '1.8.0_121'
                     Driver info: org.openqa.selenium.chrome.ChromeDriver
                     Capabilities [{applicationCacheEnabled=false, rotatable=false, mobileEmulationEnabled=false, networkConnectionEnabled=false,
                     chrome={chromedriverVersion=2.31.488763 (092de99f48a300323ecf8c2a4e2e7cab51de5ba8), userDataDir=C:\Users\TAN\AppData\Local\Temp\scoped_dir3204_9940},
                     takesHeapSnapshot=true, pageLoadStrategy=normal, databaseEnabled=false, handlesAlerts=true, hasTouchScreen=false, version=64.0.3282.186,
                     platform=XP, browserConnectionEnabled=false, nativeEvents=true, acceptSslCerts=true, locationContextEnabled=true, webStorageEnabled=true,
                     browserName=chrome, takesScreenshot=true, javascriptEnabled=true, cssSelectorsEnabled=true, setWindowRect=true, unexpectedAlertBehaviour=}]
                     Session ID: e481d91ae3487d022029dcb90b06d7fe
                     *** Element info: {Using=id, value=btnAdd}
                     
                  </a>
                   
                  
               </td>
            </tr>
            <tr>
               <td colspan="4" class="detailsBox">
                  <div id="com.TestCases.TestCasesExecution_Add_User_Test_byClass_FAIL3_details"
                       class="testMethodDetails">
                     <div>
                        <b>Name: </b>Add_User_Test
                     </div>
                     <div>
                        <b>Signature: </b>Add_User_Test()[pri:3, instance:com.TestCases.TestCasesExecution@120ebad]
                     </div>
                     <div>
                        <b>Start time: </b>11:16:03
                     </div>
                     <div>
                        <b>End time: </b>11:16:13
                     </div>
                     <div>
                        <b>Duration: </b>10s
                        
                     </div>
                  </div>
               </td>
            </tr>
            <tr>
               <td colspan="4" class="detailsBox">
                  <div id="com.TestCases.TestCasesExecution_Add_User_Test_byClass_FAIL3_exception"
                       class="testMethodDetails">
                     <pre style="padding: 5px; margin: 0;">org.openqa.selenium.NoSuchElementException: no such element: Unable to locate element: {"method":"id","selector":"btnAdd"}
                        (Session info: chrome=64.0.3282.186)
                        (Driver info: chromedriver=2.31.488763 (092de99f48a300323ecf8c2a4e2e7cab51de5ba8),platform=Windows NT 6.1.7601 SP1 x86) (WARNING:
                        The server did not provide any stacktrace information)
                        Command duration or timeout: 10.04 seconds
                        For documentation on this error, please visit: http://seleniumhq.org/exceptions/no_such_element.html
                        Build info: version: '3.4.0', revision: 'unknown', time: 'unknown'
                        System info: host: 'TAN-PC', ip: '192.168.0.104', os.name: 'Windows 7', os.arch: 'x86', os.version: '6.1', java.version: '1.8.0_121'
                        Driver info: org.openqa.selenium.chrome.ChromeDriver
                        Capabilities [{applicationCacheEnabled=false, rotatable=false, mobileEmulationEnabled=false, networkConnectionEnabled=false,
                        chrome={chromedriverVersion=2.31.488763 (092de99f48a300323ecf8c2a4e2e7cab51de5ba8), userDataDir=C:\Users\TAN\AppData\Local\Temp\scoped_dir3204_9940},
                        takesHeapSnapshot=true, pageLoadStrategy=normal, databaseEnabled=false, handlesAlerts=true, hasTouchScreen=false, version=64.0.3282.186,
                        platform=XP, browserConnectionEnabled=false, nativeEvents=true, acceptSslCerts=true, locationContextEnabled=true, webStorageEnabled=true,
                        browserName=chrome, takesScreenshot=true, javascriptEnabled=true, cssSelectorsEnabled=true, setWindowRect=true, unexpectedAlertBehaviour=}]
                        Session ID: e481d91ae3487d022029dcb90b06d7fe
                        *** Element info: {Using=id, value=btnAdd}
                        	at sun.reflect.NativeConstructorAccessorImpl.newInstance0(Native Method)
                        	at sun.reflect.NativeConstructorAccessorImpl.newInstance(Unknown Source)
                        	at sun.reflect.DelegatingConstructorAccessorImpl.newInstance(Unknown Source)
                        	at java.lang.reflect.Constructor.newInstance(Unknown Source)
                        	at org.openqa.selenium.remote.ErrorHandler.createThrowable(ErrorHandler.java:215)
                        	at org.openqa.selenium.remote.ErrorHandler.throwIfResponseFailed(ErrorHandler.java:167)
                        	at org.openqa.selenium.remote.RemoteWebDriver.execute(RemoteWebDriver.java:671)
                        	at org.openqa.selenium.remote.RemoteWebDriver.findElement(RemoteWebDriver.java:410)
                        	at org.openqa.selenium.remote.RemoteWebDriver.findElementById(RemoteWebDriver.java:453)
                        	at org.openqa.selenium.By$ById.findElement(By.java:218)
                        	at org.openqa.selenium.remote.RemoteWebDriver.findElement(RemoteWebDriver.java:402)
                        	at com.Library.Library.Add_User(Library.java:59)
                        	at com.TestCases.TestCasesExecution.Add_User_Test(TestCasesExecution.java:25)
                        	at sun.reflect.NativeMethodAccessorImpl.invoke0(Native Method)
                        	at sun.reflect.NativeMethodAccessorImpl.invoke(Unknown Source)
                        	at sun.reflect.DelegatingMethodAccessorImpl.invoke(Unknown Source)
                        	at java.lang.reflect.Method.invoke(Unknown Source)
                        	at org.testng.internal.MethodInvocationHelper.invokeMethod(MethodInvocationHelper.java:108)
                        	at org.testng.internal.Invoker.invokeMethod(Invoker.java:669)
                        	at org.testng.internal.Invoker.invokeTestMethod(Invoker.java:877)
                        	at org.testng.internal.Invoker.invokeTestMethods(Invoker.java:1201)
                        	at org.testng.internal.TestMethodWorker.invokeTestMethods(TestMethodWorker.java:125)
                        	at org.testng.internal.TestMethodWorker.run(TestMethodWorker.java:109)
                        	at org.testng.TestRunner.privateRun(TestRunner.java:776)
                        	at org.testng.TestRunner.run(TestRunner.java:634)
                        	at org.testng.SuiteRunner.runTest(SuiteRunner.java:425)
                        	at org.testng.SuiteRunner.runSequentially(SuiteRunner.java:420)
                        	at org.testng.SuiteRunner.privateRun(SuiteRunner.java:385)
                        	at org.testng.SuiteRunner.run(SuiteRunner.java:334)
                        	at org.testng.SuiteRunnerWorker.runSuite(SuiteRunnerWorker.java:52)
                        	at org.testng.SuiteRunnerWorker.run(SuiteRunnerWorker.java:86)
                        	at org.testng.TestNG.runSuitesSequentially(TestNG.java:1318)
                        	at org.testng.TestNG.runSuitesLocally(TestNG.java:1243)
                        	at org.testng.TestNG.runSuites(TestNG.java:1161)
                        	at org.testng.TestNG.run(TestNG.java:1129)
                        	at org.testng.remote.AbstractRemoteTestNG.run(AbstractRemoteTestNG.java:114)
                        	at org.testng.remote.RemoteTestNG.initAndRun(RemoteTestNG.java:251)
                        	at org.testng.remote.RemoteTestNG.main(RemoteTestNG.java:77)
                     </pre>
                  </div>
               </td>
            </tr>
         </table>
         <br></br>
      </div>
      <div style="margin-top: 15px; color: gray; text-align: center; font-size: 9px;">
         Generated with
         
         <a href="http://code.google.com/p/testng-xslt/" style="color: #8888aa;"
            target="_blank">
            TestNG XSLT
            
         </a>
      </div>
   </body>
</html>