<?xml version="1.0" encoding="UTF-8"?>
<!-- Generated by org.testng.reporters.JUnitXMLReporter -->
<testsuite hostname="TAN-PC" ignored="0" name="Test" tests="3" failures="0" timestamp="04 Apr 2018 18:09:59 GMT" time="24.311" errors="0">
  <testcase name="LoginFunctionalityTest" time="5.182" classname="com.TestCases.TestCasesExecution"/>
  <testcase name="Menu_mouseHover_Action" time="6.021" classname="com.TestCases.TestCasesExecution"/>
  <testcase name="Add_User_Test" time="13.045" classname="com.TestCases.TestCasesExecution"/>
</testsuite> <!-- Test -->
